<?xml version="1.0" encoding="UTF-8"?>
<testsuite xmlns:xsi="http://www.w3.org/2001/XMLSchema-instance" xsi:noNamespaceSchemaLocation="https://maven.apache.org/surefire/maven-surefire-plugin/xsd/surefire-test-report-3.0.xsd" version="3.0" name="com.cmpe202.individualproject.reader.JSONReaderTest" time="0.144" tests="1" errors="0" skipped="0" failures="0">
  <properties>
    <property name="java.specification.version" value="17"/>
    <property name="sun.jnu.encoding" value="UTF-8"/>
    <property name="java.class.path" value="/Users/chiragarora/Downloads/individual-project-cmpe202-01-chirag-arora01-main 3/target/test-classes:/Users/chiragarora/Downloads/individual-project-cmpe202-01-chirag-arora01-main 3/target/classes:/Users/chiragarora/.m2/repository/junit/junit/4.13/junit-4.13.jar:/Users/chiragarora/.m2/repository/org/hamcrest/hamcrest-core/1.3/hamcrest-core-1.3.jar:/Users/chiragarora/.m2/repository/org/junit/platform/junit-platform-launcher/1.7.1/junit-platform-launcher-1.7.1.jar:/Users/chiragarora/.m2/repository/org/apiguardian/apiguardian-api/1.1.0/apiguardian-api-1.1.0.jar:/Users/chiragarora/.m2/repository/org/junit/platform/junit-platform-engine/1.7.1/junit-platform-engine-1.7.1.jar:/Users/chiragarora/.m2/repository/org/opentest4j/opentest4j/1.2.0/opentest4j-1.2.0.jar:/Users/chiragarora/.m2/repository/org/junit/platform/junit-platform-commons/1.7.1/junit-platform-commons-1.7.1.jar:/Users/chiragarora/.m2/repository/org/junit/jupiter/junit-jupiter-engine/5.7.1/junit-jupiter-engine-5.7.1.jar:/Users/chiragarora/.m2/repository/org/junit/jupiter/junit-jupiter-api/5.7.1/junit-jupiter-api-5.7.1.jar:/Users/chiragarora/.m2/repository/org/junit/vintage/junit-vintage-engine/5.6.2/junit-vintage-engine-5.6.2.jar:/Users/chiragarora/.m2/repository/org/skyscreamer/jsonassert/1.5.0/jsonassert-1.5.0.jar:/Users/chiragarora/.m2/repository/com/vaadin/external/google/android-json/0.0.20131108.vaadin1/android-json-0.0.20131108.vaadin1.jar:/Users/chiragarora/.m2/repository/com/googlecode/json-simple/json-simple/1.1.1/json-simple-1.1.1.jar:/Users/chiragarora/.m2/repository/org/apache/tomcat/embed/tomcat-embed-core/9.0.38/tomcat-embed-core-9.0.38.jar:/Users/chiragarora/.m2/repository/org/apache/tomcat/tomcat-annotations-api/9.0.38/tomcat-annotations-api-9.0.38.jar:/Users/chiragarora/.m2/repository/com/fasterxml/jackson/core/jackson-databind/2.11.2/jackson-databind-2.11.2.jar:/Users/chiragarora/.m2/repository/com/fasterxml/jackson/core/jackson-annotations/2.11.2/jackson-annotations-2.11.2.jar:/Users/chiragarora/.m2/repository/com/fasterxml/jackson/core/jackson-core/2.11.2/jackson-core-2.11.2.jar:"/>
    <property name="java.vm.vendor" value="Eclipse Adoptium"/>
    <property name="sun.arch.data.model" value="64"/>
    <property name="java.vendor.url" value="https://adoptium.net/"/>
    <property name="user.timezone" value="America/Los_Angeles"/>
    <property name="os.name" value="Mac OS X"/>
    <property name="java.vm.specification.version" value="17"/>
    <property name="sun.java.launcher" value="SUN_STANDARD"/>
    <property name="user.country" value="US"/>
    <property name="sun.boot.library.path" value="/Users/chiragarora/.p2/pool/plugins/org.eclipse.justj.openjdk.hotspot.jre.full.macosx.x86_64_17.0.5.v20221102-0933/jre/lib"/>
    <property name="sun.java.command" value="/Users/chiragarora/Downloads/individual-project-cmpe202-01-chirag-arora01-main 3/target/surefire/surefirebooter3881179913342292007.jar /Users/chiragarora/Downloads/individual-project-cmpe202-01-chirag-arora01-main 3/target/surefire 2022-12-06T16-30-49_426-jvmRun1 surefire12656357874138478583tmp surefire_04681814935830941432tmp"/>
    <property name="http.nonProxyHosts" value="local|*.local|169.254/16|*.169.254/16"/>
    <property name="jdk.debug" value="release"/>
    <property name="surefire.test.class.path" value="/Users/chiragarora/Downloads/individual-project-cmpe202-01-chirag-arora01-main 3/target/test-classes:/Users/chiragarora/Downloads/individual-project-cmpe202-01-chirag-arora01-main 3/target/classes:/Users/chiragarora/.m2/repository/junit/junit/4.13/junit-4.13.jar:/Users/chiragarora/.m2/repository/org/hamcrest/hamcrest-core/1.3/hamcrest-core-1.3.jar:/Users/chiragarora/.m2/repository/org/junit/platform/junit-platform-launcher/1.7.1/junit-platform-launcher-1.7.1.jar:/Users/chiragarora/.m2/repository/org/apiguardian/apiguardian-api/1.1.0/apiguardian-api-1.1.0.jar:/Users/chiragarora/.m2/repository/org/junit/platform/junit-platform-engine/1.7.1/junit-platform-engine-1.7.1.jar:/Users/chiragarora/.m2/repository/org/opentest4j/opentest4j/1.2.0/opentest4j-1.2.0.jar:/Users/chiragarora/.m2/repository/org/junit/platform/junit-platform-commons/1.7.1/junit-platform-commons-1.7.1.jar:/Users/chiragarora/.m2/repository/org/junit/jupiter/junit-jupiter-engine/5.7.1/junit-jupiter-engine-5.7.1.jar:/Users/chiragarora/.m2/repository/org/junit/jupiter/junit-jupiter-api/5.7.1/junit-jupiter-api-5.7.1.jar:/Users/chiragarora/.m2/repository/org/junit/vintage/junit-vintage-engine/5.6.2/junit-vintage-engine-5.6.2.jar:/Users/chiragarora/.m2/repository/org/skyscreamer/jsonassert/1.5.0/jsonassert-1.5.0.jar:/Users/chiragarora/.m2/repository/com/vaadin/external/google/android-json/0.0.20131108.vaadin1/android-json-0.0.20131108.vaadin1.jar:/Users/chiragarora/.m2/repository/com/googlecode/json-simple/json-simple/1.1.1/json-simple-1.1.1.jar:/Users/chiragarora/.m2/repository/org/apache/tomcat/embed/tomcat-embed-core/9.0.38/tomcat-embed-core-9.0.38.jar:/Users/chiragarora/.m2/repository/org/apache/tomcat/tomcat-annotations-api/9.0.38/tomcat-annotations-api-9.0.38.jar:/Users/chiragarora/.m2/repository/com/fasterxml/jackson/core/jackson-databind/2.11.2/jackson-databind-2.11.2.jar:/Users/chiragarora/.m2/repository/com/fasterxml/jackson/core/jackson-annotations/2.11.2/jackson-annotations-2.11.2.jar:/Users/chiragarora/.m2/repository/com/fasterxml/jackson/core/jackson-core/2.11.2/jackson-core-2.11.2.jar:"/>
    <property name="sun.cpu.endian" value="little"/>
    <property name="user.home" value="/Users/chiragarora"/>
    <property name="user.language" value="en"/>
    <property name="java.specification.vendor" value="Oracle Corporation"/>
    <property name="java.version.date" value="2022-10-18"/>
    <property name="java.home" value="/Users/chiragarora/.p2/pool/plugins/org.eclipse.justj.openjdk.hotspot.jre.full.macosx.x86_64_17.0.5.v20221102-0933/jre"/>
    <property name="file.separator" value="/"/>
    <property name="style.color" value="always"/>
    <property name="basedir" value="/Users/chiragarora/Downloads/individual-project-cmpe202-01-chirag-arora01-main 3"/>
    <property name="java.vm.compressedOopsMode" value="Zero based"/>
    <property name="line.separator" value="&#10;"/>
    <property name="java.vm.specification.vendor" value="Oracle Corporation"/>
    <property name="java.specification.name" value="Java Platform API Specification"/>
    <property name="surefire.real.class.path" value="/Users/chiragarora/Downloads/individual-project-cmpe202-01-chirag-arora01-main 3/target/surefire/surefirebooter3881179913342292007.jar"/>
    <property name="sun.management.compiler" value="HotSpot 64-Bit Tiered Compilers"/>
    <property name="ftp.nonProxyHosts" value="local|*.local|169.254/16|*.169.254/16"/>
    <property name="java.runtime.version" value="17.0.5+8"/>
    <property name="user.name" value="chiragarora"/>
    <property name="path.separator" value=":"/>
    <property name="os.version" value="12.6"/>
    <property name="java.runtime.name" value="OpenJDK Runtime Environment"/>
    <property name="file.encoding" value="UTF-8"/>
    <property name="java.vm.name" value="OpenJDK 64-Bit Server VM"/>
    <property name="java.vendor.version" value="Temurin-17.0.5+8"/>
    <property name="localRepository" value="/Users/chiragarora/.m2/repository"/>
    <property name="java.vendor.url.bug" value="https://github.com/adoptium/adoptium-support/issues"/>
    <property name="java.io.tmpdir" value="/var/folders/b5/fj6ltwfn2_96jqkhq9lk90z00000gn/T/"/>
    <property name="java.version" value="17.0.5"/>
    <property name="user.dir" value="/Users/chiragarora/Downloads/individual-project-cmpe202-01-chirag-arora01-main 3"/>
    <property name="os.arch" value="x86_64"/>
    <property name="java.vm.specification.name" value="Java Virtual Machine Specification"/>
    <property name="native.encoding" value="UTF-8"/>
    <property name="java.library.path" value="/Users/chiragarora/Library/Java/Extensions:/Library/Java/Extensions:/Network/Library/Java/Extensions:/System/Library/Java/Extensions:/usr/lib/java:."/>
    <property name="java.vm.info" value="mixed mode"/>
    <property name="java.vendor" value="Eclipse Adoptium"/>
    <property name="java.vm.version" value="17.0.5+8"/>
    <property name="sun.io.unicode.encoding" value="UnicodeBig"/>
    <property name="socksNonProxyHosts" value="local|*.local|169.254/16|*.169.254/16"/>
    <property name="java.class.version" value="61.0"/>
  </properties>
  <testcase name="checkReadJson" classname="com.cmpe202.individualproject.reader.JSONReaderTest" time="0.14">
    <system-out><![CDATA[[{"cardHolderName":"John Doe","cardNumber":"5567894523129089","expirationDate":"08\/26"},{"cardHolderName":"Lisa Claire","cardNumber":"59012345678901234567890","expirationDate":"10\/24"},{"cardHolderName":"Martha Clark","cardNumber":"4123456789123","expirationDate":"04\/26"},{"cardHolderName":"Jane S. Dayton","cardNumber":"347856341908126","expirationDate":"03\/23"},{"cardHolderName":"John Doe","cardNumber":"6011111100007756","expirationDate":"02\/24"},{"cardHolderName":"Lara Wayne","cardNumber":"3601112345678789","expirationDate":"06\/24"},{"cardHolderName":"John Doe","cardNumber":"5167894523129089","expirationDate":"08\/26"},{"cardHolderName":"Jane Dayton","cardNumber":"4123456789123999","expirationDate":"03\/23"},{"cardHolderName":"Martha Clark","cardNumber":"377856341908126","expirationDate":"03\/25"},{"cardHolderName":"John Doe","cardNumber":"5367894523129089","expirationDate":"08\/25"},{"cardHolderName":"Jill Davis","cardNumber":"6011*890HJrt6789","expirationDate":"05\/25"},{"cardHolderName":"John Doe","expirationDate":"08\/26"}]
{"cardHolderName":"John Doe","cardNumber":"5567894523129089","expirationDate":"08\/26"}
"John Doe"
"5567894523129089"
"08/26"
John Doe 16 ------- 5567894523129089 08/26
{"cardHolderName":"Lisa Claire","cardNumber":"59012345678901234567890","expirationDate":"10\/24"}
"Lisa Claire"
"59012345678901234567890"
"10/24"
Lisa Claire 23 ------- 59012345678901234567890 10/24
{"cardHolderName":"Martha Clark","cardNumber":"4123456789123","expirationDate":"04\/26"}
"Martha Clark"
"4123456789123"
"04/26"
Martha Clark 13 ------- 4123456789123 04/26
{"cardHolderName":"Jane S. Dayton","cardNumber":"347856341908126","expirationDate":"03\/23"}
"Jane S. Dayton"
"347856341908126"
"03/23"
Jane S. Dayton 15 ------- 347856341908126 03/23
{"cardHolderName":"John Doe","cardNumber":"6011111100007756","expirationDate":"02\/24"}
"John Doe"
"6011111100007756"
"02/24"
John Doe 16 ------- 6011111100007756 02/24
{"cardHolderName":"Lara Wayne","cardNumber":"3601112345678789","expirationDate":"06\/24"}
"Lara Wayne"
"3601112345678789"
"06/24"
Lara Wayne 16 ------- 3601112345678789 06/24
{"cardHolderName":"John Doe","cardNumber":"5167894523129089","expirationDate":"08\/26"}
"John Doe"
"5167894523129089"
"08/26"
John Doe 16 ------- 5167894523129089 08/26
{"cardHolderName":"Jane Dayton","cardNumber":"4123456789123999","expirationDate":"03\/23"}
"Jane Dayton"
"4123456789123999"
"03/23"
Jane Dayton 16 ------- 4123456789123999 03/23
{"cardHolderName":"Martha Clark","cardNumber":"377856341908126","expirationDate":"03\/25"}
"Martha Clark"
"377856341908126"
"03/25"
Martha Clark 15 ------- 377856341908126 03/25
{"cardHolderName":"John Doe","cardNumber":"5367894523129089","expirationDate":"08\/25"}
"John Doe"
"5367894523129089"
"08/25"
John Doe 16 ------- 5367894523129089 08/25
{"cardHolderName":"Jill Davis","cardNumber":"6011*890HJrt6789","expirationDate":"05\/25"}
"Jill Davis"
"6011*890HJrt6789"
"05/25"
Jill Davis 16 ------- 6011*890HJrt6789 05/25
{"cardHolderName":"John Doe","expirationDate":"08\/26"}
"John Doe"
"08/26"
]]></system-out>
  </testcase>
</testsuite>